2021-12-27 19:19:18.660  INFO 13232 --- [restartedMain] com.example.demo.AddressBookApplication  : Starting AddressBookApplication using Java 17.0.1 on LAPTOP-9A3LF28O with PID 13232 (C:\Users\User\Documents\workspace-spring-tool-suite-4-4.13.0.RELEASE\AddressBookApplication\target\classes started by User in C:\Users\User\Documents\workspace-spring-tool-suite-4-4.13.0.RELEASE\AddressBookApplication)
2021-12-27 19:19:18.663 DEBUG 13232 --- [restartedMain] com.example.demo.AddressBookApplication  : Running with Spring Boot v2.6.2, Spring v5.3.14
2021-12-27 19:19:18.663  INFO 13232 --- [restartedMain] com.example.demo.AddressBookApplication  : No active profile set, falling back to default profiles: default
2021-12-27 19:19:22.133  WARN 13232 --- [restartedMain] JpaBaseConfiguration$JpaWebConfiguration : spring.jpa.open-in-view is enabled by default. Therefore, database queries may be performed during view rendering. Explicitly configure spring.jpa.open-in-view to disable this warning
2021-12-27 19:19:22.619  INFO 13232 --- [restartedMain] com.example.demo.AddressBookApplication  : Started AddressBookApplication in 4.655 seconds (JVM running for 5.836)
2021-12-27 19:19:22.624  INFO 13232 --- [restartedMain] com.example.demo.AddressBookApplication  : Address Book App Started in COMMON Environment
2021-12-27 19:22:52.657  INFO 13232 --- [restartedMain] com.example.demo.AddressBookApplication  : Starting AddressBookApplication using Java 17.0.1 on LAPTOP-9A3LF28O with PID 13232 (C:\Users\User\Documents\workspace-spring-tool-suite-4-4.13.0.RELEASE\AddressBookApplication\target\classes started by User in C:\Users\User\Documents\workspace-spring-tool-suite-4-4.13.0.RELEASE\AddressBookApplication)
2021-12-27 19:22:52.657 DEBUG 13232 --- [restartedMain] com.example.demo.AddressBookApplication  : Running with Spring Boot v2.6.2, Spring v5.3.14
2021-12-27 19:22:52.658  INFO 13232 --- [restartedMain] com.example.demo.AddressBookApplication  : No active profile set, falling back to default profiles: default
2021-12-27 19:22:53.289  WARN 13232 --- [restartedMain] JpaBaseConfiguration$JpaWebConfiguration : spring.jpa.open-in-view is enabled by default. Therefore, database queries may be performed during view rendering. Explicitly configure spring.jpa.open-in-view to disable this warning
2021-12-27 19:22:53.471  INFO 13232 --- [restartedMain] com.example.demo.AddressBookApplication  : Started AddressBookApplication in 0.874 seconds (JVM running for 216.688)
2021-12-27 19:22:53.477  INFO 13232 --- [restartedMain] com.example.demo.AddressBookApplication  : Address Book App Started in COMMON Environment
2021-12-27 19:23:11.439  INFO 13232 --- [restartedMain] com.example.demo.AddressBookApplication  : Starting AddressBookApplication using Java 17.0.1 on LAPTOP-9A3LF28O with PID 13232 (C:\Users\User\Documents\workspace-spring-tool-suite-4-4.13.0.RELEASE\AddressBookApplication\target\classes started by User in C:\Users\User\Documents\workspace-spring-tool-suite-4-4.13.0.RELEASE\AddressBookApplication)
2021-12-27 19:23:11.440 DEBUG 13232 --- [restartedMain] com.example.demo.AddressBookApplication  : Running with Spring Boot v2.6.2, Spring v5.3.14
2021-12-27 19:23:11.440  INFO 13232 --- [restartedMain] com.example.demo.AddressBookApplication  : No active profile set, falling back to default profiles: default
2021-12-27 19:23:12.014  WARN 13232 --- [restartedMain] JpaBaseConfiguration$JpaWebConfiguration : spring.jpa.open-in-view is enabled by default. Therefore, database queries may be performed during view rendering. Explicitly configure spring.jpa.open-in-view to disable this warning
2021-12-27 19:23:12.156  INFO 13232 --- [restartedMain] com.example.demo.AddressBookApplication  : Started AddressBookApplication in 0.76 seconds (JVM running for 235.372)
2021-12-27 19:23:12.159  INFO 13232 --- [restartedMain] com.example.demo.AddressBookApplication  : Address Book App Started in COMMON Environment
2021-12-27 19:24:27.879  INFO 13232 --- [restartedMain] com.example.demo.AddressBookApplication  : Starting AddressBookApplication using Java 17.0.1 on LAPTOP-9A3LF28O with PID 13232 (C:\Users\User\Documents\workspace-spring-tool-suite-4-4.13.0.RELEASE\AddressBookApplication\target\classes started by User in C:\Users\User\Documents\workspace-spring-tool-suite-4-4.13.0.RELEASE\AddressBookApplication)
2021-12-27 19:24:27.880 DEBUG 13232 --- [restartedMain] com.example.demo.AddressBookApplication  : Running with Spring Boot v2.6.2, Spring v5.3.14
2021-12-27 19:24:27.881  INFO 13232 --- [restartedMain] com.example.demo.AddressBookApplication  : No active profile set, falling back to default profiles: default
2021-12-27 19:24:28.424  WARN 13232 --- [restartedMain] JpaBaseConfiguration$JpaWebConfiguration : spring.jpa.open-in-view is enabled by default. Therefore, database queries may be performed during view rendering. Explicitly configure spring.jpa.open-in-view to disable this warning
2021-12-27 19:24:28.619  INFO 13232 --- [restartedMain] com.example.demo.AddressBookApplication  : Started AddressBookApplication in 0.802 seconds (JVM running for 311.836)
2021-12-27 19:24:28.622  INFO 13232 --- [restartedMain] com.example.demo.AddressBookApplication  : Address Book App Started in COMMON Environment
2021-12-27 19:26:53.075  INFO 6048 --- [restartedMain] com.example.demo.AddressBookApplication  : Starting AddressBookApplication using Java 17.0.1 on LAPTOP-9A3LF28O with PID 6048 (C:\Users\User\Documents\workspace-spring-tool-suite-4-4.13.0.RELEASE\AddressBookApplication\target\classes started by User in C:\Users\User\Documents\workspace-spring-tool-suite-4-4.13.0.RELEASE\AddressBookApplication)
2021-12-27 19:26:53.077 DEBUG 6048 --- [restartedMain] com.example.demo.AddressBookApplication  : Running with Spring Boot v2.6.2, Spring v5.3.14
2021-12-27 19:26:53.078  INFO 6048 --- [restartedMain] com.example.demo.AddressBookApplication  : No active profile set, falling back to default profiles: default
2021-12-27 19:26:56.575  WARN 6048 --- [restartedMain] JpaBaseConfiguration$JpaWebConfiguration : spring.jpa.open-in-view is enabled by default. Therefore, database queries may be performed during view rendering. Explicitly configure spring.jpa.open-in-view to disable this warning
2021-12-27 19:26:57.048  WARN 6048 --- [restartedMain] o.s.b.d.a.OptionalLiveReloadServer       : Unable to start LiveReload server
2021-12-27 19:26:57.083  WARN 6048 --- [restartedMain] ConfigServletWebServerApplicationContext : Exception encountered during context initialization - cancelling refresh attempt: org.springframework.context.ApplicationContextException: Failed to start bean 'webServerStartStop'; nested exception is org.springframework.boot.web.server.PortInUseException: Port 8080 is already in use
2021-12-27 19:26:57.145 ERROR 6048 --- [restartedMain] o.s.b.d.LoggingFailureAnalysisReporter   : 

***************************
APPLICATION FAILED TO START
***************************

Description:

Web server failed to start. Port 8080 was already in use.

Action:

Identify and stop the process that's listening on port 8080 or configure this application to listen on another port.

2021-12-27 19:27:16.079  INFO 1664 --- [restartedMain] com.example.demo.AddressBookApplication  : Starting AddressBookApplication using Java 17.0.1 on LAPTOP-9A3LF28O with PID 1664 (C:\Users\User\Documents\workspace-spring-tool-suite-4-4.13.0.RELEASE\AddressBookApplication\target\classes started by User in C:\Users\User\Documents\workspace-spring-tool-suite-4-4.13.0.RELEASE\AddressBookApplication)
2021-12-27 19:27:16.081 DEBUG 1664 --- [restartedMain] com.example.demo.AddressBookApplication  : Running with Spring Boot v2.6.2, Spring v5.3.14
2021-12-27 19:27:16.081  INFO 1664 --- [restartedMain] com.example.demo.AddressBookApplication  : No active profile set, falling back to default profiles: default
2021-12-27 19:27:19.299  WARN 1664 --- [restartedMain] JpaBaseConfiguration$JpaWebConfiguration : spring.jpa.open-in-view is enabled by default. Therefore, database queries may be performed during view rendering. Explicitly configure spring.jpa.open-in-view to disable this warning
2021-12-27 19:27:19.730  INFO 1664 --- [restartedMain] com.example.demo.AddressBookApplication  : Started AddressBookApplication in 4.301 seconds (JVM running for 5.643)
2021-12-27 19:27:19.734  INFO 1664 --- [restartedMain] com.example.demo.AddressBookApplication  : Address Book App Started in COMMON Environment
